#
# There is insufficient memory for the Java Runtime Environment to continue.
# Native memory allocation (malloc) failed to allocate 1234736 bytes for Chunk::new
# Possible reasons:
#   The system is out of physical RAM or swap space
#   The process is running with CompressedOops enabled, and the Java Heap may be blocking the growth of the native heap
# Possible solutions:
#   Reduce memory load on the system
#   Increase physical memory or swap space
#   Check if swap backing store is full
#   Decrease Java heap size (-Xmx/-Xms)
#   Decrease number of Java threads
#   Decrease Java thread stack sizes (-Xss)
#   Set larger code cache with -XX:ReservedCodeCacheSize=
#   JVM is running with Unscaled Compressed Oops mode in which the Java heap is
#     placed in the first 4GB address space. The Java Heap base address is the
#     maximum limit for the native heap growth. Please use -XX:HeapBaseMinAddress
#     to set the Java Heap base and to place the Java Heap above 4GB virtual address.
# This output file may be truncated or incomplete.
#
#  Out of Memory Error (allocation.cpp:389), pid=4864, tid=0x00000000000023f8
#
# JRE version: OpenJDK Runtime Environment (8.0_202-b03) (build 1.8.0_202-release-1483-b03)
# Java VM: OpenJDK 64-Bit Server VM (25.202-b03 mixed mode windows-amd64 compressed oops)
# Failed to write core dump. Minidumps are not enabled by default on client versions of Windows
#

---------------  T H R E A D  ---------------

Current thread (0x00000000185df000):  JavaThread "C2 CompilerThread2" daemon [_thread_in_native, id=9208, stack(0x00000000190b0000,0x00000000191b0000)]

Stack: [0x00000000190b0000,0x00000000191b0000]
[error occurred during error reporting (printing stack bounds), id 0xc0000005]

Native frames: (J=compiled Java code, j=interpreted, Vv=VM code, C=native code)


Current CompileTask:
C2:33156766 52561       4       com.android.tools.r8.ir.conversion.N::buildInstruction (368 bytes)


---------------  P R O C E S S  ---------------

Java Threads: ( => current thread )
  0x000000002021c000 JavaThread "Cache worker for Java compile cache (E:\important_projects\Challengers\.gradle\5.4.1\javaCompile)" [_thread_blocked, id=13464, stack(0x0000000037680000,0x0000000037780000)]
  0x0000000020213800 JavaThread "WorkerExecutor Queue Thread 2" [_thread_blocked, id=6104, stack(0x0000000034750000,0x0000000034850000)]
  0x000000002021a800 JavaThread "stdout" [_thread_in_native, id=18724, stack(0x0000000038c80000,0x0000000038d80000)]
  0x0000000020218000 JavaThread "stderr" [_thread_in_native, id=14076, stack(0x0000000038590000,0x0000000038690000)]
  0x00000000259e7800 JavaThread "pool-274-thread-1" [_thread_blocked, id=828, stack(0x0000000036f50000,0x0000000037050000)]
  0x00000000259e6000 JavaThread "WorkerExecutor Queue" [_thread_blocked, id=15204, stack(0x0000000034450000,0x0000000034550000)]
  0x00000000259db800 JavaThread "Cache worker for execution history cache (E:\important_projects\Challengers\.gradle\5.4.1\executionHistory)" [_thread_blocked, id=11224, stack(0x0000000032e90000,0x0000000032f90000)]
  0x00000000259e1800 JavaThread "Execution worker for ':' Thread 7" [_thread_in_native, id=13192, stack(0x0000000032d90000,0x0000000032e90000)]
  0x00000000259e0000 JavaThread "Execution worker for ':' Thread 6" [_thread_in_Java, id=7756, stack(0x0000000032c90000,0x0000000032d90000)]
  0x00000000259e0800 JavaThread "Execution worker for ':' Thread 5" [_thread_in_native, id=15804, stack(0x0000000032b90000,0x0000000032c90000)]
  0x00000000259de800 JavaThread "Execution worker for ':' Thread 4" [_thread_in_Java, id=19200, stack(0x0000000032a90000,0x0000000032b90000)]
  0x00000000291a4000 JavaThread "Execution worker for ':' Thread 3" [_thread_in_Java, id=11324, stack(0x0000000032990000,0x0000000032a90000)]
  0x00000000291a8800 JavaThread "Execution worker for ':' Thread 2" [_thread_in_Java, id=3204, stack(0x0000000032890000,0x0000000032990000)]
  0x00000000291a2800 JavaThread "Execution worker for ':'" [_thread_in_Java, id=9444, stack(0x0000000031730000,0x0000000031830000)]
  0x00000000291a5800 JavaThread "Cache worker for file content cache (E:\important_projects\Challengers\.gradle\5.4.1\fileContent)" [_thread_blocked, id=8676, stack(0x0000000031230000,0x0000000031330000)]
  0x00000000291a8000 JavaThread "Cache worker for Build Output Cleanup Cache (E:\important_projects\Challengers\.gradle\buildOutputCleanup)" [_thread_blocked, id=6740, stack(0x0000000031130000,0x0000000031230000)]
  0x00000000291a5000 JavaThread "Build operations Thread 8" [_thread_blocked, id=19172, stack(0x0000000031030000,0x0000000031130000)]
  0x00000000291a3800 JavaThread "Build operations Thread 7" [_thread_blocked, id=6632, stack(0x0000000030f30000,0x0000000031030000)]
  0x00000000291a7000 JavaThread "Build operations Thread 6" [_thread_blocked, id=11012, stack(0x000000002a110000,0x000000002a210000)]
  0x000000002919b000 JavaThread "Build operations Thread 5" [_thread_blocked, id=7776, stack(0x0000000029c10000,0x0000000029d10000)]
  0x00000000291a2000 JavaThread "Build operations Thread 4" [_thread_blocked, id=2820, stack(0x0000000028940000,0x0000000028a40000)]
  0x000000002919d800 JavaThread "Build operations Thread 3" [_thread_blocked, id=1872, stack(0x0000000027ef0000,0x0000000027ff0000)]
  0x000000002919a000 JavaThread "Build operations Thread 2" [_thread_blocked, id=7700, stack(0x0000000027560000,0x0000000027660000)]
  0x000000002919c800 JavaThread "Build operations" [_thread_blocked, id=8508, stack(0x0000000026e60000,0x0000000026f60000)]
  0x00000000291a1000 JavaThread "Cache worker for cache directory md-rule (C:\Users\saeed\.gradle\caches\5.4.1\md-rule)" [_thread_blocked, id=11244, stack(0x0000000025d60000,0x0000000025e60000)]
  0x000000002919f000 JavaThread "Cache worker for cache directory md-supplier (C:\Users\saeed\.gradle\caches\5.4.1\md-supplier)" [_thread_blocked, id=12312, stack(0x0000000023d50000,0x0000000023e50000)]
  0x0000000029199800 JavaThread "Cache worker for file hash cache (E:\important_projects\Challengers\.gradle\5.4.1\fileHashes)" [_thread_blocked, id=17456, stack(0x0000000023650000,0x0000000023750000)]
  0x000000002919c000 JavaThread "Thread-3677" [_thread_blocked, id=13764, stack(0x0000000023550000,0x0000000023650000)]
  0x000000002919e000 JavaThread "Stdin handler" [_thread_blocked, id=7008, stack(0x0000000023450000,0x0000000023550000)]
  0x00000000199e6000 JavaThread "Asynchronous log dispatcher for DefaultDaemonConnection: socket connection from /127.0.0.1:63611 to /127.0.0.1:49320" [_thread_blocked, id=3860, stack(0x0000000023350000,0x0000000023450000)]
  0x00000000199e3000 JavaThread "Daemon worker Thread 64" [_thread_in_native, id=6228, stack(0x00000000229a0000,0x0000000022aa0000)]
  0x00000000199e5000 JavaThread "Cancel handler" [_thread_blocked, id=15416, stack(0x000000001f570000,0x000000001f670000)]
  0x00000000199da000 JavaThread "Handler for socket connection from /127.0.0.1:63611 to /127.0.0.1:49320" [_thread_in_native, id=15936, stack(0x000000001be00000,0x000000001bf00000)]
  0x00000000199dc000 JavaThread "Daemon Thread 64" [_thread_blocked, id=12460, stack(0x0000000002690000,0x0000000002790000)]
  0x0000000019661800 JavaThread "Cache worker for Java compile cache (C:\Users\saeed\.gradle\caches\5.4.1\javaCompile)" [_thread_blocked, id=13144, stack(0x0000000026b60000,0x0000000026c60000)]
  0x000000001965f000 JavaThread "Cache worker for file content cache (C:\Users\saeed\.gradle\caches\5.4.1\fileContent)" [_thread_blocked, id=7032, stack(0x0000000026060000,0x0000000026160000)]
  0x000000001cdfe000 JavaThread "Memory manager" [_thread_blocked, id=10796, stack(0x0000000024650000,0x0000000024750000)]
  0x000000001cdf6000 JavaThread "Cache worker for execution history cache (C:\Users\saeed\.gradle\caches\5.4.1\executionHistory)" [_thread_blocked, id=1332, stack(0x00000000213b0000,0x00000000214b0000)]
  0x000000001a7e8800 JavaThread "Cache worker for journal cache (C:\Users\saeed\.gradle\caches\journal-1)" [_thread_blocked, id=13632, stack(0x000000001d0d0000,0x000000001d1d0000)]
  0x000000001a7ef800 JavaThread "File lock request listener" [_thread_in_native, id=5100, stack(0x000000001cfd0000,0x000000001d0d0000)]
  0x000000001a7ee800 JavaThread "Cache worker for file hash cache (C:\Users\saeed\.gradle\caches\5.4.1\fileHashes)" [_thread_blocked, id=19612, stack(0x000000001ced0000,0x000000001cfd0000)]
  0x000000001a7f8800 JavaThread "Daemon periodic checks" [_thread_blocked, id=7160, stack(0x000000001b500000,0x000000001b600000)]
  0x000000001a7be000 JavaThread "Incoming local TCP Connector on port 63611" [_thread_in_native, id=1708, stack(0x000000001b2c0000,0x000000001b3c0000)]
  0x000000001a72e000 JavaThread "Daemon health stats" [_thread_blocked, id=13324, stack(0x000000001ac80000,0x000000001ad80000)]
  0x0000000018677800 JavaThread "Service Thread" daemon [_thread_blocked, id=18548, stack(0x00000000192b0000,0x00000000193b0000)]
  0x00000000185f1000 JavaThread "C1 CompilerThread3" daemon [_thread_blocked, id=6580, stack(0x00000000191b0000,0x00000000192b0000)]
=>0x00000000185df000 JavaThread "C2 CompilerThread2" daemon [_thread_in_native, id=9208, stack(0x00000000190b0000,0x00000000191b0000)]
  0x00000000185d5000 JavaThread "C2 CompilerThread1" daemon [_thread_in_native, id=9460, stack(0x0000000018fb0000,0x00000000190b0000)]
  0x00000000185e5000 JavaThread "C2 CompilerThread0" daemon [_thread_in_native, id=17720, stack(0x0000000018eb0000,0x0000000018fb0000)]
  0x00000000185e4000 JavaThread "Attach Listener" daemon [_thread_blocked, id=12516, stack(0x0000000018db0000,0x0000000018eb0000)]
  0x00000000185e2800 JavaThread "Signal Dispatcher" daemon [_thread_blocked, id=14812, stack(0x0000000018cb0000,0x0000000018db0000)]
  0x00000000167e2000 JavaThread "Finalizer" daemon [_thread_blocked, id=16260, stack(0x0000000018ab0000,0x0000000018bb0000)]
  0x0000000002a17800 JavaThread "Reference Handler" daemon [_thread_blocked, id=17636, stack(0x00000000189b0000,0x0000000018ab0000)]
  0x0000000000e8e800 JavaThread "main" [_thread_blocked, id=19412, stack(0x0000000002820000,0x0000000002920000)]

Other Threads:
  0x00000000167d6000 VMThread [stack: 0x00000000184b0000,0x00000000185b0000] [id=15728]
  0x0000000018652800 WatcherThread [stack: 0x00000000193b0000,0x00000000194b0000] [id=2276]

VM state:not at safepoint (normal execution)

VM Mutex/Monitor currently owned by a thread: None

heap address: 0x00000000a0000000, size: 1536 MB, Compressed Oops mode: 32-bit
Narrow klass base: 0x0000000000000000, Narrow klass shift: 3
Compressed class space size: 1073741824 Address: 0x0000000100000000

Heap:
 PSYoungGen      total 481280K, used 227112K [0x00000000e0000000, 0x00000000ffe80000, 0x0000000100000000)
  eden space 445952K, 46% used [0x00000000e0000000,0x00000000ecc2c750,0x00000000fb380000)
  from space 35328K, 51% used [0x00000000fb380000,0x00000000fc51d928,0x00000000fd600000)
  to   space 34304K, 0% used [0x00000000fdd00000,0x00000000fdd00000,0x00000000ffe80000)
 ParOldGen       total 783872K, used 731049K [0x00000000a0000000, 0x00000000cfd80000, 0x00000000e0000000)
  object space 783872K, 93% used [0x00000000a0000000,0x00000000cc9ea7d0,0x00000000cfd80000)
 Metaspace       used 186737K, capacity 200374K, committed 200652K, reserved 1224704K
  class space    used 22735K, capacity 25030K, committed 25088K, reserved 1048576K

Card table byte_map: [0x0000000011de0000,0x00000000120f0000] byte_map_base: 0x00000000118e0000

Marking Bits: (ParMarkBitMap*) 0x000000005b719f30
 Begin Bits: [0x0000000012af0000, 0x00000000142f0000)
 End Bits:   [0x00000000142f0000, 0x0000000015af0000)

Polling page: 0x0000000000e70000

CodeCache: size=245760Kb used=148906Kb max_used=148906Kb free=96853Kb
 bounds [0x0000000002a20000, 0x000000000bcf0000, 0x0000000011a20000]
 total_blobs=37830 nmethods=36908 adapters=832
 compilation: enabled

Compilation events (10 events):
Event: 33156.720 Thread 0x00000000185f1000 53525       2       com.android.tools.r8.m.a.b.b::<init> (5 bytes)
Event: 33156.721 Thread 0x00000000185f1000 nmethod 53525 0x0000000006158390 code [0x00000000061584e0, 0x0000000006158630]
Event: 33156.724 Thread 0x00000000185f1000 53526       2       com.android.tools.r8.ir.conversion.X::a (31 bytes)
Event: 33156.725 Thread 0x00000000185f1000 nmethod 53526 0x000000000b765b10 code [0x000000000b765c80, 0x000000000b765f88]
Event: 33156.725 Thread 0x00000000185f1000 53527       3       com.android.tools.r8.ir.conversion.X::b (510 bytes)
Event: 33156.735 Thread 0x00000000185f1000 nmethod 53527 0x000000000b76a350 code [0x000000000b76a980, 0x000000000b76e7b8]
Event: 33156.735 Thread 0x00000000185f1000 53528       2       com.android.tools.r8.ir.conversion.V::a (296 bytes)
Event: 33156.736 Thread 0x00000000185f1000 nmethod 53528 0x000000000b6bf110 code [0x000000000b6bf2e0, 0x000000000b6bf9c8]
Event: 33156.736 Thread 0x00000000185f1000 53529       2       com.android.tools.r8.ir.conversion.V::a (16 bytes)
Event: 33156.736 Thread 0x00000000185f1000 nmethod 53529 0x000000000568f110 code [0x000000000568f260, 0x000000000568f3b0]

GC Heap History (10 events):
Event: 33153.043 GC heap before
{Heap before GC invocations=230 (full 7):
 PSYoungGen      total 357376K, used 345791K [0x00000000e0000000, 0x00000000f9b00000, 0x0000000100000000)
  eden space 318976K, 100% used [0x00000000e0000000,0x00000000f3780000,0x00000000f3780000)
  from space 38400K, 69% used [0x00000000f5e80000,0x00000000f78afc28,0x00000000f8400000)
  to   space 39936K, 0% used [0x00000000f3780000,0x00000000f3780000,0x00000000f5e80000)
 ParOldGen       total 783872K, used 682639K [0x00000000a0000000, 0x00000000cfd80000, 0x00000000e0000000)
  object space 783872K, 87% used [0x00000000a0000000,0x00000000c9aa3d20,0x00000000cfd80000)
 Metaspace       used 186506K, capacity 200070K, committed 200140K, reserved 1224704K
  class space    used 22732K, capacity 25026K, committed 25088K, reserved 1048576K
Event: 33153.088 GC heap after
Heap after GC invocations=230 (full 7):
 PSYoungGen      total 358912K, used 16376K [0x00000000e0000000, 0x00000000fb900000, 0x0000000100000000)
  eden space 318976K, 0% used [0x00000000e0000000,0x00000000e0000000,0x00000000f3780000)
  from space 39936K, 41% used [0x00000000f3780000,0x00000000f477e0c0,0x00000000f5e80000)
  to   space 37888K, 0% used [0x00000000f9400000,0x00000000f9400000,0x00000000fb900000)
 ParOldGen       total 783872K, used 703349K [0x00000000a0000000, 0x00000000cfd80000, 0x00000000e0000000)
  object space 783872K, 89% used [0x00000000a0000000,0x00000000caedd6e0,0x00000000cfd80000)
 Metaspace       used 186506K, capacity 200070K, committed 200140K, reserved 1224704K
  class space    used 22732K, capacity 25026K, committed 25088K, reserved 1048576K
}
Event: 33153.808 GC heap before
{Heap before GC invocations=231 (full 7):
 PSYoungGen      total 358912K, used 335352K [0x00000000e0000000, 0x00000000fb900000, 0x0000000100000000)
  eden space 318976K, 100% used [0x00000000e0000000,0x00000000f3780000,0x00000000f3780000)
  from space 39936K, 41% used [0x00000000f3780000,0x00000000f477e0c0,0x00000000f5e80000)
  to   space 37888K, 0% used [0x00000000f9400000,0x00000000f9400000,0x00000000fb900000)
 ParOldGen       total 783872K, used 703349K [0x00000000a0000000, 0x00000000cfd80000, 0x00000000e0000000)
  object space 783872K, 89% used [0x00000000a0000000,0x00000000caedd6e0,0x00000000cfd80000)
 Metaspace       used 186607K, capacity 200228K, committed 200396K, reserved 1224704K
  class space    used 22734K, capacity 25029K, committed 25088K, reserved 1048576K
Event: 33153.857 GC heap after
Heap after GC invocations=231 (full 7):
 PSYoungGen      total 414208K, used 9497K [0x00000000e0000000, 0x00000000fb980000, 0x0000000100000000)
  eden space 376320K, 0% used [0x00000000e0000000,0x00000000e0000000,0x00000000f6f80000)
  from space 37888K, 25% used [0x00000000f9400000,0x00000000f9d46440,0x00000000fb900000)
  to   space 37376K, 0% used [0x00000000f6f80000,0x00000000f6f80000,0x00000000f9400000)
 ParOldGen       total 783872K, used 713799K [0x00000000a0000000, 0x00000000cfd80000, 0x00000000e0000000)
  object space 783872K, 91% used [0x00000000a0000000,0x00000000cb911eb8,0x00000000cfd80000)
 Metaspace       used 186607K, capacity 200228K, committed 200396K, reserved 1224704K
  class space    used 22734K, capacity 25029K, committed 25088K, reserved 1048576K
}
Event: 33154.509 GC heap before
{Heap before GC invocations=232 (full 7):
 PSYoungGen      total 414208K, used 385817K [0x00000000e0000000, 0x00000000fb980000, 0x0000000100000000)
  eden space 376320K, 100% used [0x00000000e0000000,0x00000000f6f80000,0x00000000f6f80000)
  from space 37888K, 25% used [0x00000000f9400000,0x00000000f9d46440,0x00000000fb900000)
  to   space 37376K, 0% used [0x00000000f6f80000,0x00000000f6f80000,0x00000000f9400000)
 ParOldGen       total 783872K, used 713799K [0x00000000a0000000, 0x00000000cfd80000, 0x00000000e0000000)
  object space 783872K, 91% used [0x00000000a0000000,0x00000000cb911eb8,0x00000000cfd80000)
 Metaspace       used 186663K, capacity 200292K, committed 200396K, reserved 1224704K
  class space    used 22734K, capacity 25029K, committed 25088K, reserved 1048576K
Event: 33154.542 GC heap after
Heap after GC invocations=232 (full 7):
 PSYoungGen      total 413696K, used 8162K [0x00000000e0000000, 0x00000000ffa00000, 0x0000000100000000)
  eden space 376320K, 0% used [0x00000000e0000000,0x00000000e0000000,0x00000000f6f80000)
  from space 37376K, 21% used [0x00000000f6f80000,0x00000000f7778ba0,0x00000000f9400000)
  to   space 36352K, 0% used [0x00000000fd680000,0x00000000fd680000,0x00000000ffa00000)
 ParOldGen       total 783872K, used 718976K [0x00000000a0000000, 0x00000000cfd80000, 0x00000000e0000000)
  object space 783872K, 91% used [0x00000000a0000000,0x00000000cbe201c8,0x00000000cfd80000)
 Metaspace       used 186663K, capacity 200292K, committed 200396K, reserved 1224704K
  class space    used 22734K, capacity 25029K, committed 25088K, reserved 1048576K
}
Event: 33155.205 GC heap before
{Heap before GC invocations=233 (full 7):
 PSYoungGen      total 413696K, used 384482K [0x00000000e0000000, 0x00000000ffa00000, 0x0000000100000000)
  eden space 376320K, 100% used [0x00000000e0000000,0x00000000f6f80000,0x00000000f6f80000)
  from space 37376K, 21% used [0x00000000f6f80000,0x00000000f7778ba0,0x00000000f9400000)
  to   space 36352K, 0% used [0x00000000fd680000,0x00000000fd680000,0x00000000ffa00000)
 ParOldGen       total 783872K, used 718976K [0x00000000a0000000, 0x00000000cfd80000, 0x00000000e0000000)
  object space 783872K, 91% used [0x00000000a0000000,0x00000000cbe201c8,0x00000000cfd80000)
 Metaspace       used 186700K, capacity 200296K, committed 200396K, reserved 1224704K
  class space    used 22734K, capacity 25029K, committed 25088K, reserved 1048576K
Event: 33155.241 GC heap after
Heap after GC invocations=233 (full 7):
 PSYoungGen      total 480768K, used 11843K [0x00000000e0000000, 0x00000000ff880000, 0x0000000100000000)
  eden space 445952K, 0% used [0x00000000e0000000,0x00000000e0000000,0x00000000fb380000)
  from space 34816K, 34% used [0x00000000fd680000,0x00000000fe210ce0,0x00000000ff880000)
  to   space 35328K, 0% used [0x00000000fb380000,0x00000000fb380000,0x00000000fd600000)
 ParOldGen       total 783872K, used 724449K [0x00000000a0000000, 0x00000000cfd80000, 0x00000000e0000000)
  object space 783872K, 92% used [0x00000000a0000000,0x00000000cc3784c8,0x00000000cfd80000)
 Metaspace       used 186700K, capacity 200296K, committed 200396K, reserved 1224704K
  class space    used 22734K, capacity 25029K, committed 25088K, reserved 1048576K
}
Event: 33156.211 GC heap before
{Heap before GC invocations=234 (full 7):
 PSYoungGen      total 480768K, used 457795K [0x00000000e0000000, 0x00000000ff880000, 0x0000000100000000)
  eden space 445952K, 100% used [0x00000000e0000000,0x00000000fb380000,0x00000000fb380000)
  from space 34816K, 34% used [0x00000000fd680000,0x00000000fe210ce0,0x00000000ff880000)
  to   space 35328K, 0% used [0x00000000fb380000,0x00000000fb380000,0x00000000fd600000)
 ParOldGen       total 783872K, used 724449K [0x00000000a0000000, 0x00000000cfd80000, 0x00000000e0000000)
  object space 783872K, 92% used [0x00000000a0000000,0x00000000cc3784c8,0x00000000cfd80000)
 Metaspace       used 186725K, capacity 200310K, committed 200396K, reserved 1224704K
  class space    used 22735K, capacity 25030K, committed 25088K, reserved 1048576K
Event: 33156.265 GC heap after
Heap after GC invocations=234 (full 7):
 PSYoungGen      total 481280K, used 18038K [0x00000000e0000000, 0x00000000ffe80000, 0x0000000100000000)
  eden space 445952K, 0% used [0x00000000e0000000,0x00000000e0000000,0x00000000fb380000)
  from space 35328K, 51% used [0x00000000fb380000,0x00000000fc51d928,0x00000000fd600000)
  to   space 34304K, 0% used [0x00000000fdd00000,0x00000000fdd00000,0x00000000ffe80000)
 ParOldGen       total 783872K, used 731049K [0x00000000a0000000, 0x00000000cfd80000, 0x00000000e0000000)
  object space 783872K, 93% used [0x00000000a0000000,0x00000000cc9ea7d0,0x00000000cfd80000)
 Metaspace       used 186725K, capacity 200310K, committed 200396K, reserved 1224704K
  class space    used 22735K, capacity 25030K, committed 25088K, reserved 1048576K
}

Deoptimization events (10 events):
Event: 33154.963 Thread 0x00000000291a4000 Uncommon trap: reason=unstable_if action=reinterpret pc=0x000000000b5966a0 method=com.android.tools.r8.ir.optimize.z.a(Lcom/android/tools/r8/ir/code/Instruction;)Z @ 146
Event: 33155.323 Thread 0x00000000259de800 Uncommon trap: reason=predicate action=maybe_recompile pc=0x000000000b301bbc method=java.util.PriorityQueue.siftDownUsingComparator(ILjava/lang/Object;)V @ 12
Event: 33155.946 Thread 0x00000000291a4000 Uncommon trap: reason=class_check action=maybe_recompile pc=0x000000000b2bfef0 method=com.android.tools.r8.ir.optimize.PeepholeOptimizer.optimize(Lcom/android/tools/r8/ir/code/IRCode;Lcom/android/tools/r8/ir/regalloc/LinearScanRegisterAllocator;)V @ 111
Event: 33156.291 Thread 0x00000000259e0000 Uncommon trap: reason=unstable_if action=reinterpret pc=0x000000000610d834 method=com.android.tools.r8.graph.DexString.<init>(Ljava/lang/String;)V @ 32
Event: 33156.549 Thread 0x00000000291a4000 Uncommon trap: reason=bimorphic action=maybe_recompile pc=0x000000000bca3a0c method=com.android.tools.r8.ir.regalloc.LinearScanRegisterAllocator.c(Lcom/android/tools/r8/ir/regalloc/LiveIntervals;)Z @ 60
Event: 33156.550 Thread 0x00000000291a4000 Uncommon trap: reason=bimorphic action=maybe_recompile pc=0x000000000bca3a0c method=com.android.tools.r8.ir.regalloc.LinearScanRegisterAllocator.c(Lcom/android/tools/r8/ir/regalloc/LiveIntervals;)Z @ 60
Event: 33156.551 Thread 0x00000000291a4000 Uncommon trap: reason=bimorphic action=maybe_recompile pc=0x000000000bca3a0c method=com.android.tools.r8.ir.regalloc.LinearScanRegisterAllocator.c(Lcom/android/tools/r8/ir/regalloc/LiveIntervals;)Z @ 60
Event: 33156.634 Thread 0x00000000259e0000 Uncommon trap: reason=class_check action=maybe_recompile pc=0x000000000b2bfef0 method=com.android.tools.r8.ir.optimize.PeepholeOptimizer.optimize(Lcom/android/tools/r8/ir/code/IRCode;Lcom/android/tools/r8/ir/regalloc/LinearScanRegisterAllocator;)V @ 111
Event: 33156.724 Thread 0x00000000259de800 Uncommon trap: reason=unstable_if action=reinterpret pc=0x000000000b7ee700 method=com.android.tools.r8.ir.conversion.V.a(Lcom/android/tools/r8/t/a/a/B;Lcom/android/tools/r8/t/a/a/B;)Z @ 225
Event: 33156.726 Thread 0x00000000259de800 Uncommon trap: reason=unstable_if action=reinterpret pc=0x000000000357a020 method=com.android.tools.r8.ir.conversion.V.a(Lcom/android/tools/r8/t/a/a/B;Lcom/android/tools/r8/t/a/a/B;)Z @ 225

Classes redefined (0 events):
No events

Internal exceptions (10 events):
Event: 33155.999 Thread 0x00000000199e3000 Exception <a 'sun/nio/fs/WindowsException'> (0x00000000f3a0b618) thrown at [D:\src\AOSP-openjdk-cygwin\jdk8u\hotspot\src\share\vm\prims\jni.cpp, line 710]
Event: 33156.032 Thread 0x00000000291a2800 Exception <a 'sun/nio/fs/WindowsException'> (0x00000000f5359f10) thrown at [D:\src\AOSP-openjdk-cygwin\jdk8u\hotspot\src\share\vm\prims\jni.cpp, line 710]
Event: 33156.080 Thread 0x00000000259e0800 Exception <a 'sun/nio/fs/WindowsException'> (0x00000000f674f918) thrown at [D:\src\AOSP-openjdk-cygwin\jdk8u\hotspot\src\share\vm\prims\jni.cpp, line 710]
Event: 33156.084 Thread 0x00000000199e3000 Exception <a 'sun/nio/fs/WindowsException'> (0x00000000f696f338) thrown at [D:\src\AOSP-openjdk-cygwin\jdk8u\hotspot\src\share\vm\prims\jni.cpp, line 710]
Event: 33156.294 Thread 0x00000000259e1800 Exception <a 'sun/nio/fs/WindowsException'> (0x00000000e04a0fd8) thrown at [D:\src\AOSP-openjdk-cygwin\jdk8u\hotspot\src\share\vm\prims\jni.cpp, line 710]
Event: 33156.299 Thread 0x00000000199e3000 Exception <a 'sun/nio/fs/WindowsException'> (0x00000000e0b52558) thrown at [D:\src\AOSP-openjdk-cygwin\jdk8u\hotspot\src\share\vm\prims\jni.cpp, line 710]
Event: 33156.624 Thread 0x00000000259e1800 Exception <a 'sun/nio/fs/WindowsException'> (0x00000000e542f280) thrown at [D:\src\AOSP-openjdk-cygwin\jdk8u\hotspot\src\share\vm\prims\jni.cpp, line 710]
Event: 33156.654 Thread 0x00000000259e1800 Exception <a 'sun/nio/fs/WindowsException'> (0x00000000e7543310) thrown at [D:\src\AOSP-openjdk-cygwin\jdk8u\hotspot\src\share\vm\prims\jni.cpp, line 710]
Event: 33156.728 Thread 0x00000000259e0800 Exception <a 'sun/nio/fs/WindowsException'> (0x00000000ea87c6b0) thrown at [D:\src\AOSP-openjdk-cygwin\jdk8u\hotspot\src\share\vm\prims\jni.cpp, line 710]
Event: 33156.754 Thread 0x00000000291a2800 Exception <a 'sun/nio/fs/WindowsException'> (0x00000000eb9dd438) thrown at [D:\src\AOSP-openjdk-cygwin\jdk8u\hotspot\src\share\vm\prims\jni.cpp, line 710]

Events (10 events):
Event: 33156.738 Thread 0x00000000259de800 DEOPT PACKING pc=0x000000000bc62449 sp=0x0000000032b8ca60
Event: 33156.738 Thread 0x00000000259de800 DEOPT UNPACKING pc=0x0000000002a675d0 sp=0x0000000032b8c848 mode 0
Event: 33156.741 Thread 0x00000000259e0000 DEOPT PACKING pc=0x000000000a674818 sp=0x0000000032d8ca10
Event: 33156.741 Thread 0x00000000259e0000 DEOPT UNPACKING pc=0x0000000002a675d0 sp=0x0000000032d8c950 mode 0
Event: 33156.744 Thread 0x00000000259e0000 DEOPT PACKING pc=0x000000000ba42245 sp=0x0000000032d8c950
Event: 33156.744 Thread 0x00000000259e0000 DEOPT UNPACKING pc=0x0000000002a675d0 sp=0x0000000032d8c878 mode 0
Event: 33156.745 Thread 0x00000000259de800 DEOPT PACKING pc=0x000000000997daec sp=0x0000000032b8ca20
Event: 33156.745 Thread 0x00000000259de800 DEOPT UNPACKING pc=0x0000000002a675d0 sp=0x0000000032b8c7d8 mode 0
Event: 33156.749 Thread 0x00000000291a4000 DEOPT PACKING pc=0x000000000bc62449 sp=0x0000000032a8ca10
Event: 33156.749 Thread 0x00000000291a4000 DEOPT UNPACKING pc=0x0000000002a675d0 sp=0x0000000032a8c7f8 mode 0


Dynamic libraries:
0x00007ff7bb140000 - 0x00007ff7bb171000 	C:\Program Files\Android\Android Studio\jre\bin\java.exe
0x00007fffc1260000 - 0x00007fffc1450000 	C:\WINDOWS\SYSTEM32\ntdll.dll
0x00007fffbfa60000 - 0x00007fffbfb12000 	C:\WINDOWS\System32\KERNEL32.DLL
0x00007fffbee40000 - 0x00007fffbf0e5000 	C:\WINDOWS\System32\KERNELBASE.dll
0x00007fffc0970000 - 0x00007fffc0a13000 	C:\WINDOWS\System32\ADVAPI32.dll
0x00007fffc0020000 - 0x00007fffc00be000 	C:\WINDOWS\System32\msvcrt.dll
0x00007fffc1180000 - 0x00007fffc1217000 	C:\WINDOWS\System32\sechost.dll
0x00007fffc1060000 - 0x00007fffc1180000 	C:\WINDOWS\System32\RPCRT4.dll
0x00007fffc0a50000 - 0x00007fffc0be4000 	C:\WINDOWS\System32\USER32.dll
0x00007fffbee10000 - 0x00007fffbee31000 	C:\WINDOWS\System32\win32u.dll
0x00007fffbf870000 - 0x00007fffbf896000 	C:\WINDOWS\System32\GDI32.dll
0x00007fffbec70000 - 0x00007fffbee06000 	C:\WINDOWS\System32\gdi32full.dll
0x00007fffbf0f0000 - 0x00007fffbf18e000 	C:\WINDOWS\System32\msvcp_win.dll
0x00007fffbe3c0000 - 0x00007fffbe4ba000 	C:\WINDOWS\System32\ucrtbase.dll
0x00007fffadf50000 - 0x00007fffae1d4000 	C:\WINDOWS\WinSxS\amd64_microsoft.windows.common-controls_6595b64144ccf1df_6.0.18362.1256_none_9e7e379be45e40e2\COMCTL32.dll
0x00007fffc0d20000 - 0x00007fffc1056000 	C:\WINDOWS\System32\combase.dll
0x00007fffbe230000 - 0x00007fffbe2b1000 	C:\WINDOWS\System32\bcryptPrimitives.dll
0x00007fffc0a20000 - 0x00007fffc0a4e000 	C:\WINDOWS\System32\IMM32.DLL
0x000000005ac20000 - 0x000000005acf2000 	C:\Program Files\Android\Android Studio\jre\jre\bin\msvcr100.dll
0x000000005af50000 - 0x000000005b796000 	C:\Program Files\Android\Android Studio\jre\jre\bin\server\jvm.dll
0x00007fffc0010000 - 0x00007fffc0018000 	C:\WINDOWS\System32\PSAPI.DLL
0x00007fffb8c90000 - 0x00007fffb8c99000 	C:\WINDOWS\SYSTEM32\WSOCK32.dll
0x00007fffbabd0000 - 0x00007fffbabf4000 	C:\WINDOWS\SYSTEM32\WINMM.dll
0x00007fffb60a0000 - 0x00007fffb60aa000 	C:\WINDOWS\SYSTEM32\VERSION.dll
0x00007fffbfd70000 - 0x00007fffbfddf000 	C:\WINDOWS\System32\WS2_32.dll
0x00007fffbaba0000 - 0x00007fffbabcd000 	C:\WINDOWS\SYSTEM32\winmmbase.dll
0x00007fffbe370000 - 0x00007fffbe3ba000 	C:\WINDOWS\System32\cfgmgr32.dll
0x00007fffb8c80000 - 0x00007fffb8c8f000 	C:\Program Files\Android\Android Studio\jre\jre\bin\verify.dll
0x00007fffb66f0000 - 0x00007fffb6719000 	C:\Program Files\Android\Android Studio\jre\jre\bin\java.dll
0x00007fffb66d0000 - 0x00007fffb66e6000 	C:\Program Files\Android\Android Studio\jre\jre\bin\zip.dll
0x00007fffc0280000 - 0x00007fffc0967000 	C:\WINDOWS\System32\SHELL32.dll
0x00007fffbfcc0000 - 0x00007fffbfd69000 	C:\WINDOWS\System32\shcore.dll
0x00007fffbe4c0000 - 0x00007fffbec41000 	C:\WINDOWS\System32\windows.storage.dll
0x00007fffbe1a0000 - 0x00007fffbe1c3000 	C:\WINDOWS\System32\profapi.dll
0x00007fffbe110000 - 0x00007fffbe15a000 	C:\WINDOWS\System32\powrprof.dll
0x00007fffbe100000 - 0x00007fffbe110000 	C:\WINDOWS\System32\UMPDC.dll
0x00007fffc0bf0000 - 0x00007fffc0c42000 	C:\WINDOWS\System32\shlwapi.dll
0x00007fffbe180000 - 0x00007fffbe191000 	C:\WINDOWS\System32\kernel.appcore.dll
0x00007fffbec50000 - 0x00007fffbec67000 	C:\WINDOWS\System32\cryptsp.dll
0x00007fffb4360000 - 0x00007fffb437a000 	C:\Program Files\Android\Android Studio\jre\jre\bin\net.dll
0x00007fffbd950000 - 0x00007fffbd9b7000 	C:\WINDOWS\system32\mswsock.dll
0x00007fffb3d10000 - 0x00007fffb3d21000 	C:\Program Files\Android\Android Studio\jre\jre\bin\nio.dll
0x00007fffb0ed0000 - 0x00007fffb0ef6000 	C:\Users\saeed\.gradle\native\29\windows-amd64\native-platform.dll
0x00007fffb8c70000 - 0x00007fffb8c7d000 	C:\Program Files\Android\Android Studio\jre\jre\bin\management.dll
0x00007fffbd4c0000 - 0x00007fffbd4f3000 	C:\WINDOWS\system32\rsaenh.dll
0x00007fffbf190000 - 0x00007fffbf1b6000 	C:\WINDOWS\System32\bcrypt.dll
0x00007fffbe020000 - 0x00007fffbe045000 	C:\WINDOWS\SYSTEM32\USERENV.dll
0x00007fffbdb20000 - 0x00007fffbdb2c000 	C:\WINDOWS\SYSTEM32\CRYPTBASE.dll
0x00007fffbd660000 - 0x00007fffbd69a000 	C:\WINDOWS\SYSTEM32\IPHLPAPI.DLL
0x00007fffbf390000 - 0x00007fffbf398000 	C:\WINDOWS\System32\NSI.dll
0x00007fffb5c70000 - 0x00007fffb5c86000 	C:\WINDOWS\SYSTEM32\dhcpcsvc6.DLL
0x00007fffb5c50000 - 0x00007fffb5c6c000 	C:\WINDOWS\SYSTEM32\dhcpcsvc.DLL
0x00007fffbd6a0000 - 0x00007fffbd76b000 	C:\WINDOWS\SYSTEM32\DNSAPI.dll
0x00007fffaf5d0000 - 0x00007fffaf5f4000 	C:\Program Files\Android\Android Studio\jre\jre\bin\sunec.dll
0x00007fffb69d0000 - 0x00007fffb69da000 	C:\Windows\System32\rasadhlp.dll
0x00007fffb4c10000 - 0x00007fffb4c87000 	C:\WINDOWS\System32\fwpuclnt.dll
0x00007fffb8990000 - 0x00007fffb899b000 	C:\Program Files\Android\Android Studio\jre\jre\bin\sunmscapi.dll
0x00007fffbf1c0000 - 0x00007fffbf309000 	C:\WINDOWS\System32\CRYPT32.dll
0x00007fffbe160000 - 0x00007fffbe172000 	C:\WINDOWS\System32\MSASN1.dll

VM Arguments:
jvm_args: -Xmx1536m -Dfile.encoding=windows-1252 -Duser.country=US -Duser.language=en -Duser.variant 
java_command: org.gradle.launcher.daemon.bootstrap.GradleDaemon 5.4.1
java_class_path (initial): C:\Users\saeed\.gradle\wrapper\dists\gradle-5.4.1-all\3221gyojl5jsh0helicew7rwx\gradle-5.4.1\lib\gradle-launcher-5.4.1.jar
Launcher Type: SUN_STANDARD

Environment Variables:
PATH=C:\Python38\Scripts\;C:\Python38\;C:\Program Files (x86)\Common Files\Oracle\Java\javapath;C:\WINDOWS\system32;C:\WINDOWS;C:\WINDOWS\System32\Wbem;C:\WINDOWS\System32\WindowsPowerShell\v1.0\;C:\WINDOWS\System32\OpenSSH\;C:\Program Files\nodejs\;C:\ProgramData\chocolatey\bin;C:\Program Files\MySQL\MySQL Shell 8.0\bin\;C:\Users\saeed\AppData\Local\Microsoft\WindowsApps;C:\Users\saeed\AppData\Local\Programs\Microsoft VS Code\bin;C:\Program Files\Java\jdk1.8.0_221\bin;C:\src\flutter_windows_v1.9.1+hotfix.2-stable\flutter\bin;C:\android sdk\tools;C:\android sdk\build-tools;C:\android sdk\platform-tools;C:\android sdk\platforms;C:\android sdk\licenses;C:\Users\saeed\AppData\Roaming\npm;C:\Program Files\JetBrains\PhpStorm 2020.1\bin;C:\Program Files\JetBrains\PyCharm Community Edition 2020.1.1\bin;C:\Users\saeed\AppData\Local\atom\bin;%USERPROFILE%\AppData\Local\Microsoft\WindowsApps;
USERNAME=saeed
OS=Windows_NT
PROCESSOR_IDENTIFIER=Intel64 Family 6 Model 58 Stepping 9, GenuineIntel



---------------  S Y S T E M  ---------------

OS: Windows 10.0 , 64 bit Build 18362 (10.0.18362.1110)

CPU:total 8 (initial active 8) (4 cores per cpu, 2 threads per core) family 6 model 58 stepping 9, cmov, cx8, fxsr, mmx, sse, sse2, sse3, ssse3, sse4.1, sse4.2, popcnt, avx, aes, clmul, erms, ht, tsc, tscinvbit, tscinv

Memory: 4k page, physical 24702744k(1617352k free), swap 24702744k(5592k free)

vm_info: OpenJDK 64-Bit Server VM (25.202-b03) for windows-amd64 JRE (1.8.0_202-release-1483-b03), built by "builder" with MS VC++ 10.0 (VS2010)

time: Wed Jan 06 22:28:09 2021
timezone: Egypt Standard Time
elapsed time: 33156 seconds (0d 9h 12m 36s)

